<?xml version="1.0" encoding="UTF-8"?>
<!-- Generated by org.testng.reporters.JUnitXMLReporter -->
<testsuite hostname="admin-PC" name="Login_Page Test" tests="6" failures="0" timestamp="22 May 2017 11:49:26 GMT" time="1.687" errors="0">
  <testcase name="testcase1" time="0.034" classname="com.testcases.Login_Page">
    <skipped/>
  </testcase> <!-- testcase1 -->
  <testcase name="testcase1" time="0.0" classname="com.testcases.Login_Page">
    <skipped/>
  </testcase> <!-- testcase1 -->
  <testcase name="testcase1" time="0.0" classname="com.testcases.Login_Page">
    <skipped/>
  </testcase> <!-- testcase1 -->
  <testcase name="testcase1" time="0.001" classname="com.testcases.Login_Page">
    <skipped/>
  </testcase> <!-- testcase1 -->
  <testcase name="testcase1" time="0.001" classname="com.testcases.Login_Page">
    <skipped/>
  </testcase> <!-- testcase1 -->
  <testcase name="testcase1" time="0.001" classname="com.testcases.Login_Page">
    <skipped/>
  </testcase> <!-- testcase1 -->
</testsuite> <!-- Login_Page Test -->
