<?xml version="1.0" encoding="UTF-8"?>
<!-- Generated by org.testng.reporters.JUnitXMLReporter -->
<testsuite hostname="admin-PC" name="Default test" tests="1" failures="1" timestamp="12 Jun 2017 11:07:33 GMT" time="48.765" errors="0">
  <testcase name="test_URL" time="48.735" classname="com.test.practices.SEO_BuildersURL">
    <failure type="org.openqa.selenium.WebDriverException" message="Failed to connect to binary FirefoxBinary(C:\Program Files (x86)\Mozilla Firefox\firefox.exe) on port 7055; process output follows: 
:&amp;quot;The default theme.&amp;quot;,&amp;quot;creator&amp;quot;:&amp;quot;Mozilla&amp;quot;,&amp;quot;homepageURL&amp;quot;:null,&amp;quot;contributors&amp;quot;:[&amp;quot;Mozilla Contributors&amp;quot;]},&amp;quot;visible&amp;quot;:true,&amp;quot;active&amp;quot;:true,&amp;quot;userDisabled&amp;quot;:false,&amp;quot;appDisabled&amp;quot;:false,&amp;quot;descriptor&amp;quot;:&amp;quot;C:\\Program Files (x86)\\Mozilla Firefox\\browser\\extensions\\{972ce4c6-7e08-4474-a285-3208198ce6fd}.xpi&amp;quot;,&amp;quot;installDate&amp;quot;:1497265396131,&amp;quot;updateDate&amp;quot;:1497265396131,&amp;quot;applyBackgroundUpdates&amp;quot;:1,&amp;quot;skinnable&amp;quot;:true,&amp;quot;size&amp;quot;:8207,&amp;quot;sourceURI&amp;quot;:null,&amp;quot;releaseNotesURI&amp;quot;:null,&amp;quot;softDisabled&amp;quot;:false,&amp;quot;foreignInstall&amp;quot;:false,&amp;quot;hasBinaryComponents&amp;quot;:false,&amp;quot;strictCompatibility&amp;quot;:true,&amp;quot;locales&amp;quot;:[],&amp;quot;targetApplications&amp;quot;:[{&amp;quot;id&amp;quot;:&amp;quot;{ec8030f7-c20a-464f-9b0e-13a3a9e97384}&amp;quot;,&amp;quot;minVersion&amp;quot;:&amp;quot;53.0.3&amp;quot;,&amp;quot;maxVersion&amp;quot;:&amp;quot;53.0.3&amp;quot;}],&amp;quot;targetPlatforms&amp;quot;:[],&amp;quot;seen&amp;quot;:true,&amp;quot;dependencies&amp;quot;:[],&amp;quot;hasEmbeddedWebExtension&amp;quot;:false,&amp;quot;userPermissions&amp;quot;:null}
1497265607766	addons.xpi	DEBUG	getModTime: Recursive scan of {972ce4c6-7e08-4474-a285-3208198ce6fd}
1497265607767	DeferredSave.extensions.json	DEBUG	Save changes
1497265607767	addons.xpi	DEBUG	Updating database with changes to installed add-ons
1497265607767	addons.xpi-utils	DEBUG	Updating add-on states
1497265607768	addons.xpi-utils	DEBUG	Writing add-ons list
1497265607772	addons.xpi	DEBUG	Registering manifest for C:\Program Files (x86)\Mozilla Firefox\browser\features\aushelper@mozilla.org.xpi
1497265607773	addons.xpi	DEBUG	Calling bootstrap method startup on aushelper@mozilla.org version 2.0
1497265607775	addons.xpi	DEBUG	Registering manifest for C:\Program Files (x86)\Mozilla Firefox\browser\features\e10srollout@mozilla.org.xpi
1497265607776	addons.xpi	DEBUG	Calling bootstrap method startup on e10srollout@mozilla.org version 1.14
1497265607776	addons.xpi	DEBUG	Registering manifest for C:\Program Files (x86)\Mozilla Firefox\browser\features\firefox@getpocket.com.xpi
1497265607777	addons.xpi	DEBUG	Calling bootstrap method startup on firefox@getpocket.com version 1.0.5
1497265607778	addons.xpi	DEBUG	Registering manifest for C:\Program Files (x86)\Mozilla Firefox\browser\features\webcompat@mozilla.org.xpi
1497265607778	addons.xpi	DEBUG	Calling bootstrap method startup on webcompat@mozilla.org version 1.0
1497265607781	addons.manager	DEBUG	Registering shutdown blocker for XPIProvider
1497265607781	addons.manager	DEBUG	Provider finished startup: XPIProvider
1497265607782	addons.manager	DEBUG	Starting provider: LightweightThemeManager
1497265607782	addons.manager	DEBUG	Registering shutdown blocker for LightweightThemeManager
1497265607782	addons.manager	DEBUG	Provider finished startup: LightweightThemeManager
1497265607783	addons.manager	DEBUG	Starting provider: GMPProvider
1497265607787	addons.manager	DEBUG	Registering shutdown blocker for GMPProvider
1497265607787	addons.manager	DEBUG	Provider finished startup: GMPProvider
1497265607787	addons.manager	DEBUG	Starting provider: PluginProvider
1497265607787	addons.manager	DEBUG	Registering shutdown blocker for PluginProvider
1497265607788	addons.manager	DEBUG	Provider finished startup: PluginProvider
1497265607788	addons.manager	DEBUG	Completed startup sequence
1497265612263	DeferredSave.extensions.json	DEBUG	Starting write
1497265612272	addons.manager	DEBUG	Starting provider: &amp;lt;unnamed-provider&amp;gt;
1497265612272	addons.manager	DEBUG	Registering shutdown blocker for &amp;lt;unnamed-provider&amp;gt;
1497265612273	addons.manager	DEBUG	Provider finished startup: &amp;lt;unnamed-provider&amp;gt;
1497265612646	addons.repository	DEBUG	No addons.json found.
1497265612647	DeferredSave.addons.json	DEBUG	Save changes
1497265612651	DeferredSave.addons.json	DEBUG	Starting timer
1497265612674	addons.manager	DEBUG	Starting provider: PreviousExperimentProvider
1497265612675	addons.manager	DEBUG	Registering shutdown blocker for PreviousExperimentProvider
1497265612675	addons.manager	DEBUG	Provider finished startup: PreviousExperimentProvider
1497265612677	DeferredSave.extensions.json	DEBUG	Write succeeded
1497265612677	addons.xpi-utils	DEBUG	XPI Database saved, setting schema version preference to 19
1497265612714	DeferredSave.addons.json	DEBUG	Starting write
1497265612728	DeferredSave.addons.json	DEBUG	Write succeeded

Build info: version: &amp;apos;2.53.0&amp;apos;, revision: &amp;apos;35ae25b1534ae328c771e0856c93e187490ca824&amp;apos;, time: &amp;apos;2016-03-15 10:43:46&amp;apos;
System info: host: &amp;apos;admin-PC&amp;apos;, ip: &amp;apos;169.254.230.1&amp;apos;, os.name: &amp;apos;Windows 7&amp;apos;, os.arch: &amp;apos;amd64&amp;apos;, os.version: &amp;apos;6.1&amp;apos;, java.version: &amp;apos;1.8.0_71&amp;apos;
Driver info: driver.version: FirefoxDriver">
      <![CDATA[org.openqa.selenium.WebDriverException: Failed to connect to binary FirefoxBinary(C:\Program Files (x86)\Mozilla Firefox\firefox.exe) on port 7055; process output follows: 
:"The default theme.","creator":"Mozilla","homepageURL":null,"contributors":["Mozilla Contributors"]},"visible":true,"active":true,"userDisabled":false,"appDisabled":false,"descriptor":"C:\\Program Files (x86)\\Mozilla Firefox\\browser\\extensions\\{972ce4c6-7e08-4474-a285-3208198ce6fd}.xpi","installDate":1497265396131,"updateDate":1497265396131,"applyBackgroundUpdates":1,"skinnable":true,"size":8207,"sourceURI":null,"releaseNotesURI":null,"softDisabled":false,"foreignInstall":false,"hasBinaryComponents":false,"strictCompatibility":true,"locales":[],"targetApplications":[{"id":"{ec8030f7-c20a-464f-9b0e-13a3a9e97384}","minVersion":"53.0.3","maxVersion":"53.0.3"}],"targetPlatforms":[],"seen":true,"dependencies":[],"hasEmbeddedWebExtension":false,"userPermissions":null}
1497265607766	addons.xpi	DEBUG	getModTime: Recursive scan of {972ce4c6-7e08-4474-a285-3208198ce6fd}
1497265607767	DeferredSave.extensions.json	DEBUG	Save changes
1497265607767	addons.xpi	DEBUG	Updating database with changes to installed add-ons
1497265607767	addons.xpi-utils	DEBUG	Updating add-on states
1497265607768	addons.xpi-utils	DEBUG	Writing add-ons list
1497265607772	addons.xpi	DEBUG	Registering manifest for C:\Program Files (x86)\Mozilla Firefox\browser\features\aushelper@mozilla.org.xpi
1497265607773	addons.xpi	DEBUG	Calling bootstrap method startup on aushelper@mozilla.org version 2.0
1497265607775	addons.xpi	DEBUG	Registering manifest for C:\Program Files (x86)\Mozilla Firefox\browser\features\e10srollout@mozilla.org.xpi
1497265607776	addons.xpi	DEBUG	Calling bootstrap method startup on e10srollout@mozilla.org version 1.14
1497265607776	addons.xpi	DEBUG	Registering manifest for C:\Program Files (x86)\Mozilla Firefox\browser\features\firefox@getpocket.com.xpi
1497265607777	addons.xpi	DEBUG	Calling bootstrap method startup on firefox@getpocket.com version 1.0.5
1497265607778	addons.xpi	DEBUG	Registering manifest for C:\Program Files (x86)\Mozilla Firefox\browser\features\webcompat@mozilla.org.xpi
1497265607778	addons.xpi	DEBUG	Calling bootstrap method startup on webcompat@mozilla.org version 1.0
1497265607781	addons.manager	DEBUG	Registering shutdown blocker for XPIProvider
1497265607781	addons.manager	DEBUG	Provider finished startup: XPIProvider
1497265607782	addons.manager	DEBUG	Starting provider: LightweightThemeManager
1497265607782	addons.manager	DEBUG	Registering shutdown blocker for LightweightThemeManager
1497265607782	addons.manager	DEBUG	Provider finished startup: LightweightThemeManager
1497265607783	addons.manager	DEBUG	Starting provider: GMPProvider
1497265607787	addons.manager	DEBUG	Registering shutdown blocker for GMPProvider
1497265607787	addons.manager	DEBUG	Provider finished startup: GMPProvider
1497265607787	addons.manager	DEBUG	Starting provider: PluginProvider
1497265607787	addons.manager	DEBUG	Registering shutdown blocker for PluginProvider
1497265607788	addons.manager	DEBUG	Provider finished startup: PluginProvider
1497265607788	addons.manager	DEBUG	Completed startup sequence
1497265612263	DeferredSave.extensions.json	DEBUG	Starting write
1497265612272	addons.manager	DEBUG	Starting provider: <unnamed-provider>
1497265612272	addons.manager	DEBUG	Registering shutdown blocker for <unnamed-provider>
1497265612273	addons.manager	DEBUG	Provider finished startup: <unnamed-provider>
1497265612646	addons.repository	DEBUG	No addons.json found.
1497265612647	DeferredSave.addons.json	DEBUG	Save changes
1497265612651	DeferredSave.addons.json	DEBUG	Starting timer
1497265612674	addons.manager	DEBUG	Starting provider: PreviousExperimentProvider
1497265612675	addons.manager	DEBUG	Registering shutdown blocker for PreviousExperimentProvider
1497265612675	addons.manager	DEBUG	Provider finished startup: PreviousExperimentProvider
1497265612677	DeferredSave.extensions.json	DEBUG	Write succeeded
1497265612677	addons.xpi-utils	DEBUG	XPI Database saved, setting schema version preference to 19
1497265612714	DeferredSave.addons.json	DEBUG	Starting write
1497265612728	DeferredSave.addons.json	DEBUG	Write succeeded

Build info: version: '2.53.0', revision: '35ae25b1534ae328c771e0856c93e187490ca824', time: '2016-03-15 10:43:46'
System info: host: 'admin-PC', ip: '169.254.230.1', os.name: 'Windows 7', os.arch: 'amd64', os.version: '6.1', java.version: '1.8.0_71'
Driver info: driver.version: FirefoxDriver
	at org.openqa.selenium.firefox.internal.NewProfileExtensionConnection.start(NewProfileExtensionConnection.java:125)
	at org.openqa.selenium.firefox.FirefoxDriver.startClient(FirefoxDriver.java:271)
	at org.openqa.selenium.remote.RemoteWebDriver.<init>(RemoteWebDriver.java:119)
	at org.openqa.selenium.firefox.FirefoxDriver.<init>(FirefoxDriver.java:216)
	at org.openqa.selenium.firefox.FirefoxDriver.<init>(FirefoxDriver.java:211)
	at org.openqa.selenium.firefox.FirefoxDriver.<init>(FirefoxDriver.java:207)
	at org.openqa.selenium.firefox.FirefoxDriver.<init>(FirefoxDriver.java:120)
	at com.test.practices.SEO_BuildersURL.test_URL(SEO_BuildersURL.java:23)
	at sun.reflect.NativeMethodAccessorImpl.invoke0(Native Method)
	at sun.reflect.NativeMethodAccessorImpl.invoke(Unknown Source)
	at sun.reflect.DelegatingMethodAccessorImpl.invoke(Unknown Source)
	at java.lang.reflect.Method.invoke(Unknown Source)
	at org.testng.internal.MethodInvocationHelper.invokeMethod(MethodInvocationHelper.java:85)
	at org.testng.internal.Invoker.invokeMethod(Invoker.java:659)
	at org.testng.internal.Invoker.invokeTestMethod(Invoker.java:845)
	at org.testng.internal.Invoker.invokeTestMethods(Invoker.java:1153)
	at org.testng.internal.TestMethodWorker.invokeTestMethods(TestMethodWorker.java:125)
	at org.testng.internal.TestMethodWorker.run(TestMethodWorker.java:108)
	at org.testng.TestRunner.privateRun(TestRunner.java:771)
	at org.testng.TestRunner.run(TestRunner.java:621)
	at org.testng.SuiteRunner.runTest(SuiteRunner.java:357)
	at org.testng.SuiteRunner.runSequentially(SuiteRunner.java:352)
	at org.testng.SuiteRunner.privateRun(SuiteRunner.java:310)
	at org.testng.SuiteRunner.run(SuiteRunner.java:259)
	at org.testng.SuiteRunnerWorker.runSuite(SuiteRunnerWorker.java:52)
	at org.testng.SuiteRunnerWorker.run(SuiteRunnerWorker.java:86)
	at org.testng.TestNG.runSuitesSequentially(TestNG.java:1199)
	at org.testng.TestNG.runSuitesLocally(TestNG.java:1124)
	at org.testng.TestNG.run(TestNG.java:1032)
	at org.testng.remote.AbstractRemoteTestNG.run(AbstractRemoteTestNG.java:132)
	at org.testng.remote.RemoteTestNG.initAndRun(RemoteTestNG.java:230)
	at org.testng.remote.RemoteTestNG.main(RemoteTestNG.java:76)
Caused by: org.openqa.selenium.firefox.NotConnectedException: Unable to connect to host 127.0.0.1 on port 7055 after 45000 ms. Firefox console output:
:"The default theme.","creator":"Mozilla","homepageURL":null,"contributors":["Mozilla Contributors"]},"visible":true,"active":true,"userDisabled":false,"appDisabled":false,"descriptor":"C:\\Program Files (x86)\\Mozilla Firefox\\browser\\extensions\\{972ce4c6-7e08-4474-a285-3208198ce6fd}.xpi","installDate":1497265396131,"updateDate":1497265396131,"applyBackgroundUpdates":1,"skinnable":true,"size":8207,"sourceURI":null,"releaseNotesURI":null,"softDisabled":false,"foreignInstall":false,"hasBinaryComponents":false,"strictCompatibility":true,"locales":[],"targetApplications":[{"id":"{ec8030f7-c20a-464f-9b0e-13a3a9e97384}","minVersion":"53.0.3","maxVersion":"53.0.3"}],"targetPlatforms":[],"seen":true,"dependencies":[],"hasEmbeddedWebExtension":false,"userPermissions":null}
1497265607766	addons.xpi	DEBUG	getModTime: Recursive scan of {972ce4c6-7e08-4474-a285-3208198ce6fd}
1497265607767	DeferredSave.extensions.json	DEBUG	Save changes
1497265607767	addons.xpi	DEBUG	Updating database with changes to installed add-ons
1497265607767	addons.xpi-utils	DEBUG	Updating add-on states
1497265607768	addons.xpi-utils	DEBUG	Writing add-ons list
1497265607772	addons.xpi	DEBUG	Registering manifest for C:\Program Files (x86)\Mozilla Firefox\browser\features\aushelper@mozilla.org.xpi
1497265607773	addons.xpi	DEBUG	Calling bootstrap method startup on aushelper@mozilla.org version 2.0
1497265607775	addons.xpi	DEBUG	Registering manifest for C:\Program Files (x86)\Mozilla Firefox\browser\features\e10srollout@mozilla.org.xpi
1497265607776	addons.xpi	DEBUG	Calling bootstrap method startup on e10srollout@mozilla.org version 1.14
1497265607776	addons.xpi	DEBUG	Registering manifest for C:\Program Files (x86)\Mozilla Firefox\browser\features\firefox@getpocket.com.xpi
1497265607777	addons.xpi	DEBUG	Calling bootstrap method startup on firefox@getpocket.com version 1.0.5
1497265607778	addons.xpi	DEBUG	Registering manifest for C:\Program Files (x86)\Mozilla Firefox\browser\features\webcompat@mozilla.org.xpi
1497265607778	addons.xpi	DEBUG	Calling bootstrap method startup on webcompat@mozilla.org version 1.0
1497265607781	addons.manager	DEBUG	Registering shutdown blocker for XPIProvider
1497265607781	addons.manager	DEBUG	Provider finished startup: XPIProvider
1497265607782	addons.manager	DEBUG	Starting provider: LightweightThemeManager
1497265607782	addons.manager	DEBUG	Registering shutdown blocker for LightweightThemeManager
1497265607782	addons.manager	DEBUG	Provider finished startup: LightweightThemeManager
1497265607783	addons.manager	DEBUG	Starting provider: GMPProvider
1497265607787	addons.manager	DEBUG	Registering shutdown blocker for GMPProvider
1497265607787	addons.manager	DEBUG	Provider finished startup: GMPProvider
1497265607787	addons.manager	DEBUG	Starting provider: PluginProvider
1497265607787	addons.manager	DEBUG	Registering shutdown blocker for PluginProvider
1497265607788	addons.manager	DEBUG	Provider finished startup: PluginProvider
1497265607788	addons.manager	DEBUG	Completed startup sequence
1497265612263	DeferredSave.extensions.json	DEBUG	Starting write
1497265612272	addons.manager	DEBUG	Starting provider: <unnamed-provider>
1497265612272	addons.manager	DEBUG	Registering shutdown blocker for <unnamed-provider>
1497265612273	addons.manager	DEBUG	Provider finished startup: <unnamed-provider>
1497265612646	addons.repository	DEBUG	No addons.json found.
1497265612647	DeferredSave.addons.json	DEBUG	Save changes
1497265612651	DeferredSave.addons.json	DEBUG	Starting timer
1497265612674	addons.manager	DEBUG	Starting provider: PreviousExperimentProvider
1497265612675	addons.manager	DEBUG	Registering shutdown blocker for PreviousExperimentProvider
1497265612675	addons.manager	DEBUG	Provider finished startup: PreviousExperimentProvider
1497265612677	DeferredSave.extensions.json	DEBUG	Write succeeded
1497265612677	addons.xpi-utils	DEBUG	XPI Database saved, setting schema version preference to 19
1497265612714	DeferredSave.addons.json	DEBUG	Starting write
1497265612728	DeferredSave.addons.json	DEBUG	Write succeeded

	at org.openqa.selenium.firefox.internal.NewProfileExtensionConnection.start(NewProfileExtensionConnection.java:113)
	... 31 more
]]>
    </failure>
  </testcase> <!-- test_URL -->
</testsuite> <!-- Default test -->
