<?xml version="1.0" encoding="UTF-8"?>
<!-- Generated by org.testng.reporters.JUnitXMLReporter -->
<testsuite hostname="admin-PC" name="Test" tests="7" failures="2" timestamp="30 May 2017 11:26:06 GMT" time="1.916" errors="0">
  <testcase name="BrokenLink" time="0.022" classname="com.testcases.Broken_LinkTest">
    <skipped/>
  </testcase> <!-- BrokenLink -->
  <testcase name="BrokenLink" time="0.397" classname="com.testcases.Broken_LinkTest">
    <failure type="java.lang.NullPointerException">
      <![CDATA[java.lang.NullPointerException
	at com.util.Keywords.executeKeywords(Keywords.java:80)
	at com.testcases.Broken_LinkTest.BrokenLink(Broken_LinkTest.java:33)
... Removed 24 stack frames]]>
    </failure>
  </testcase> <!-- BrokenLink -->
  <testcase name="BrokenLink" time="0.003" classname="com.testcases.Broken_LinkTest">
    <skipped/>
  </testcase> <!-- BrokenLink -->
  <testcase name="BrokenLink" time="0.003" classname="com.testcases.Broken_LinkTest">
    <skipped/>
  </testcase> <!-- BrokenLink -->
  <testcase name="BrokenLink" time="0.006" classname="com.testcases.Broken_LinkTest">
    <skipped/>
  </testcase> <!-- BrokenLink -->
  <testcase name="BrokenLink" time="0.01" classname="com.testcases.Broken_LinkTest">
    <skipped/>
  </testcase> <!-- BrokenLink -->
  <testcase name="BrokenLink" time="0.089" classname="com.testcases.Broken_LinkTest">
    <failure type="java.lang.NullPointerException">
      <![CDATA[java.lang.NullPointerException
	at com.util.Keywords.executeKeywords(Keywords.java:80)
	at com.testcases.Broken_LinkTest.BrokenLink(Broken_LinkTest.java:33)
... Removed 24 stack frames]]>
    </failure>
  </testcase> <!-- BrokenLink -->
</testsuite> <!-- Test -->
