<?xml version="1.0" encoding="UTF-8"?>
<!-- Generated by org.testng.reporters.JUnitXMLReporter -->
<testsuite hostname="admin-PC" name="Broken_Link Test" tests="7" failures="0" timestamp="1 Jun 2017 10:50:48 GMT" time="53.679" errors="0">
  <testcase name="BrokenLink" time="0.002" classname="com.testcases.Broken_LinkTest">
    <skipped/>
  </testcase> <!-- BrokenLink -->
  <testcase name="BrokenLink" time="0.001" classname="com.testcases.Broken_LinkTest">
    <skipped/>
  </testcase> <!-- BrokenLink -->
  <testcase name="BrokenLink" time="0.002" classname="com.testcases.Broken_LinkTest">
    <skipped/>
  </testcase> <!-- BrokenLink -->
  <testcase name="BrokenLink" time="0.001" classname="com.testcases.Broken_LinkTest">
    <skipped/>
  </testcase> <!-- BrokenLink -->
  <testcase name="BrokenLink" time="0.005" classname="com.testcases.Broken_LinkTest">
    <skipped/>
  </testcase> <!-- BrokenLink -->
  <testcase name="BrokenLink" time="0.001" classname="com.testcases.Broken_LinkTest">
    <skipped/>
  </testcase> <!-- BrokenLink -->
  <testcase name="BrokenLink" time="53.652" classname="com.testcases.Broken_LinkTest"/>
</testsuite> <!-- Broken_Link Test -->
