<?xml version="1.0" encoding="UTF-8"?>
<!-- Generated by org.testng.reporters.JUnitXMLReporter -->
<testsuite hostname="admin-PC" name="Broken_LinkTest" tests="7" failures="7" timestamp="26 May 2017 04:32:38 GMT" time="0.081" errors="0">
  <testcase name="BrokenLink" time="0.002" classname="com.testcases.Broken_LinkTest">
    <failure type="java.lang.NullPointerException">
      <![CDATA[java.lang.NullPointerException
	at com.testcases.Broken_LinkTest.BrokenLink(Broken_LinkTest.java:32)
... Removed 24 stack frames]]>
    </failure>
  </testcase> <!-- BrokenLink -->
  <testcase name="BrokenLink" time="0.002" classname="com.testcases.Broken_LinkTest">
    <failure type="java.lang.NullPointerException">
      <![CDATA[java.lang.NullPointerException
	at com.testcases.Broken_LinkTest.BrokenLink(Broken_LinkTest.java:32)
... Removed 24 stack frames]]>
    </failure>
  </testcase> <!-- BrokenLink -->
  <testcase name="BrokenLink" time="0.002" classname="com.testcases.Broken_LinkTest">
    <failure type="java.lang.NullPointerException">
      <![CDATA[java.lang.NullPointerException
	at com.testcases.Broken_LinkTest.BrokenLink(Broken_LinkTest.java:32)
... Removed 24 stack frames]]>
    </failure>
  </testcase> <!-- BrokenLink -->
  <testcase name="BrokenLink" time="0.014" classname="com.testcases.Broken_LinkTest">
    <failure type="java.lang.NullPointerException">
      <![CDATA[java.lang.NullPointerException
	at com.testcases.Broken_LinkTest.BrokenLink(Broken_LinkTest.java:32)
... Removed 24 stack frames]]>
    </failure>
  </testcase> <!-- BrokenLink -->
  <testcase name="BrokenLink" time="0.006" classname="com.testcases.Broken_LinkTest">
    <failure type="java.lang.NullPointerException">
      <![CDATA[java.lang.NullPointerException
	at com.testcases.Broken_LinkTest.BrokenLink(Broken_LinkTest.java:32)
... Removed 24 stack frames]]>
    </failure>
  </testcase> <!-- BrokenLink -->
  <testcase name="BrokenLink" time="0.003" classname="com.testcases.Broken_LinkTest">
    <failure type="java.lang.NullPointerException">
      <![CDATA[java.lang.NullPointerException
	at com.testcases.Broken_LinkTest.BrokenLink(Broken_LinkTest.java:32)
... Removed 24 stack frames]]>
    </failure>
  </testcase> <!-- BrokenLink -->
  <testcase name="BrokenLink" time="0.001" classname="com.testcases.Broken_LinkTest">
    <failure type="java.lang.NullPointerException">
      <![CDATA[java.lang.NullPointerException
	at com.testcases.Broken_LinkTest.BrokenLink(Broken_LinkTest.java:32)
... Removed 24 stack frames]]>
    </failure>
  </testcase> <!-- BrokenLink -->
</testsuite> <!-- Broken_LinkTest -->
