<?xml version="1.0" encoding="UTF-8"?>
<!-- Generated by org.testng.reporters.JUnitXMLReporter -->
<testsuite hostname="admin-PC" name="Login_Page Test" tests="6" failures="0" timestamp="23 May 2017 17:50:28 GMT" time="0.756" errors="0">
  <testcase name="testcase1" time="0.008" classname="com.testcases.Login_Page">
    <skipped/>
  </testcase> <!-- testcase1 -->
  <testcase name="testcase1" time="0.003" classname="com.testcases.Login_Page">
    <skipped/>
  </testcase> <!-- testcase1 -->
  <testcase name="testcase1" time="0.002" classname="com.testcases.Login_Page">
    <skipped/>
  </testcase> <!-- testcase1 -->
  <testcase name="testcase1" time="0.002" classname="com.testcases.Login_Page">
    <skipped/>
  </testcase> <!-- testcase1 -->
  <testcase name="testcase1" time="0.003" classname="com.testcases.Login_Page">
    <skipped/>
  </testcase> <!-- testcase1 -->
  <testcase name="testcase1" time="0.002" classname="com.testcases.Login_Page">
    <skipped/>
  </testcase> <!-- testcase1 -->
</testsuite> <!-- Login_Page Test -->
