<?xml version="1.0" encoding="UTF-8"?>
<!-- Generated by org.testng.reporters.JUnitXMLReporter -->
<testsuite hostname="admin-PC" name="Sign_Up Page Test" tests="9" failures="0" timestamp="1 Jun 2017 10:49:55 GMT" time="0.096" errors="0">
  <testcase name="testcase2" time="0.001" classname="com.testcases.SignUp_Page">
    <skipped/>
  </testcase> <!-- testcase2 -->
  <testcase name="testcase2" time="0.001" classname="com.testcases.SignUp_Page">
    <skipped/>
  </testcase> <!-- testcase2 -->
  <testcase name="testcase2" time="0.001" classname="com.testcases.SignUp_Page">
    <skipped/>
  </testcase> <!-- testcase2 -->
  <testcase name="testcase2" time="0.001" classname="com.testcases.SignUp_Page">
    <skipped/>
  </testcase> <!-- testcase2 -->
  <testcase name="testcase2" time="0.001" classname="com.testcases.SignUp_Page">
    <skipped/>
  </testcase> <!-- testcase2 -->
  <testcase name="testcase2" time="0.001" classname="com.testcases.SignUp_Page">
    <skipped/>
  </testcase> <!-- testcase2 -->
  <testcase name="testcase2" time="0.001" classname="com.testcases.SignUp_Page">
    <skipped/>
  </testcase> <!-- testcase2 -->
  <testcase name="testcase2" time="0.001" classname="com.testcases.SignUp_Page">
    <skipped/>
  </testcase> <!-- testcase2 -->
  <testcase name="testcase2" time="0.014" classname="com.testcases.SignUp_Page">
    <skipped/>
  </testcase> <!-- testcase2 -->
</testsuite> <!-- Sign_Up Page Test -->
